================================================================
======== Log Rotated - 12/29/2024, 7:03:37 AM                   
================================================================
[             TXADMIN] ================================================================ 
[             TXADMIN] ======== [21856] FXServer Starting - 12/29/2024, 7:03:38 AM      
[             TXADMIN] ================================================================ 
[           resources] Scanning resources.
[       resources:Dev] Warning: Dev does not have a resource manifest (fxmanifest.lua)
[           resources] Found 99 resources.
[           resources] 1 warning was encountered.
[          svadhesive] Authenticating server license key...
[          svadhesive] Server license key authentication succeeded. Welcome!
[    c-scripting-core] Creating script environments for sessionmanager
[           resources] Started resource sessionmanager
[    c-scripting-core] Creating script environments for monitor
[      script:monitor] [txAdmin] Resource v7.3.2 threads and commands set up. All Ready.
[           resources] Started resource monitor
[    c-scripting-core] Creating script environments for mapmanager
[           resources] Started resource mapmanager
[    c-scripting-core] Creating script environments for chat
[           resources] Started resource chat
[           resources] Started resource spawnmanager
[    c-scripting-core] Creating script environments for hardcap
[           resources] Started resource hardcap
[    c-scripting-core] Creating script environments for baseevents
[           resources] Started resource baseevents
[    c-scripting-core] Creating script environments for ox_lib
[           resources] Started resource ox_lib
[    c-scripting-core] Creating script environments for oxmysql
[           resources] Started resource oxmysql
[    c-scripting-core] Creating script environments for qbx_core
[     script:qbx_core] [qbx_core] [INFO] Stopping hardcap...
[           resources] Stopping resource hardcap
[           resources] Started resource qbx_core
[    c-scripting-core] Creating script environments for ox_target
[           resources] Started resource ox_target
[    c-scripting-core] Creating script environments for ox_doorlock
[           resources] Started resource ox_doorlock
[    c-scripting-core] Creating script environments for ox_inventory
[           resources] Started resource ox_inventory
[    c-scripting-core] Creating script environments for ox_fuel
[           resources] Started resource ox_fuel
[    c-scripting-core] Creating script environments for qbx_medical
[           resources] Started resource qbx_medical
[    c-scripting-core] Creating script environments for qbx_ambulancejob
[           resources] Started resource qbx_ambulancejob
[    c-scripting-core] Creating script environments for qbx_bankrobbery
[           resources] Started resource qbx_bankrobbery
[    c-scripting-core] Creating script environments for qbx_binoculars
[           resources] Started resource qbx_binoculars
[    c-scripting-core] Creating script environments for qbx_busjob
[           resources] Started resource qbx_busjob
[    c-scripting-core] Creating script environments for qbx_carwash
[           resources] Started resource qbx_carwash
[    c-scripting-core] Creating script environments for qbx_cityhall
[           resources] Started resource qbx_cityhall
[    c-scripting-core] Creating script environments for qbx_customs
[           resources] Started resource qbx_customs
[           resources] Started resource qbx_density
[    c-scripting-core] Creating script environments for qbx_divegear
[           resources] Started resource qbx_divegear
[    c-scripting-core] Creating script environments for qbx_diving
[           resources] Started resource qbx_diving
[    c-scripting-core] Creating script environments for qbx_drugs
[           resources] Started resource qbx_drugs
[    c-scripting-core] Creating script environments for qbx_fireworks
[           resources] Started resource qbx_fireworks
[    c-scripting-core] Creating script environments for qbx_garages
[           resources] Started resource qbx_garages
[    c-scripting-core] Creating script environments for qbx_garbagejob
[           resources] Started resource qbx_garbagejob
[    c-scripting-core] Creating script environments for qbx_houserobbery
[           resources] Started resource qbx_houserobbery
[    c-scripting-core] Creating script environments for qbx_hud
[           resources] Started resource qbx_hud
[           resources] Started resource MugShotBase64
[    c-scripting-core] Creating script environments for qbx_idcard
[           resources] Started resource qbx_idcard
[    c-scripting-core] Creating script environments for qbx_jewelery
[           resources] Started resource qbx_jewelery
[    c-scripting-core] Creating script environments for qbx_lapraces
[           resources] Started resource qbx_lapraces
[    c-scripting-core] Creating script environments for qbx_management
[           resources] Started resource qbx_management
[    c-scripting-core] Creating script environments for qbx_mechanicjob
[           resources] Started resource qbx_mechanicjob
[    c-scripting-core] Creating script environments for qbx_newsjob
[           resources] Started resource qbx_newsjob
[    c-scripting-core] Creating script environments for qbx_pawnshop
[           resources] Started resource qbx_pawnshop
[    c-scripting-core] Creating script environments for qbx_police
[           resources] Started resource qbx_police
[    c-scripting-core] Creating script environments for qbx_properties
[           resources] Started resource qbx_properties
[    c-scripting-core] Creating script environments for qbx_radialmenu
[           resources] Started resource qbx_radialmenu
[    c-scripting-core] Creating script environments for qbx_recyclejob
[           resources] Started resource qbx_recyclejob
[    c-scripting-core] Creating script environments for qbx_scoreboard
[           resources] Started resource qbx_scoreboard
[    c-scripting-core] Creating script environments for qbx_scrapyard
[           resources] Started resource qbx_scrapyard
[    c-scripting-core] Creating script environments for qbx_seatbelt
[           resources] Started resource qbx_seatbelt
[    c-scripting-core] Creating script environments for qbx_smallresources
[           resources] Started resource qbx_smallresources
[    c-scripting-core] Creating script environments for qbx_spawn
[           resources] Started resource qbx_spawn
[    c-scripting-core] Creating script environments for qbx_storerobbery
[           resources] Started resource qbx_storerobbery
[    c-scripting-core] Creating script environments for qbx_streetraces
[           resources] Started resource qbx_streetraces
[    c-scripting-core] Creating script environments for qbx_taxijob
[           resources] Started resource qbx_taxijob
[    c-scripting-core] Creating script environments for qbx_towjob
[           resources] Started resource qbx_towjob
[    c-scripting-core] Creating script environments for qbx_truckerjob
[           resources] Started resource qbx_truckerjob
[    c-scripting-core] Creating script environments for qbx_truckrobbery
[           resources] Started resource qbx_truckrobbery
[    c-scripting-core] Creating script environments for qbx_vehiclekeys
[           resources] Started resource qbx_vehiclekeys
[    c-scripting-core] Creating script environments for qbx_vehicles
[           resources] Started resource qbx_vehicles
[    c-scripting-core] Creating script environments for qbx_vehiclesales
[           resources] Started resource qbx_vehiclesales
[    c-scripting-core] Creating script environments for qbx_vehicleshop
[           resources] Started resource qbx_vehicleshop
[    c-scripting-core] Creating script environments for qbx_vineyard
[           resources] Started resource qbx_vineyard
[    c-scripting-core] Creating script environments for qbx_weed
[           resources] Started resource qbx_weed
[    c-scripting-core] Creating script environments for Renewed-Banking
[           resources] Started resource Renewed-Banking
[    c-scripting-core] Creating script environments for Renewed-Weathersync
[           resources] Started resource Renewed-Weathersync
[           resources] Started resource bob74_ipl
[    c-scripting-core] Creating script environments for illenium-appearance
[           resources] Started resource illenium-appearance
[    c-scripting-core] Creating script environments for loadscreen
[           resources] Started resource loadscreen
[    c-scripting-core] Creating script environments for mana_audio
[           resources] Started resource mana_audio
[           resources] Started resource mhacking
[    c-scripting-core] Creating script environments for ps-adminmenu
[           resources] Started resource ps-adminmenu
[           resources] Started resource safecracker
[    c-scripting-core] Creating script environments for screenshot-basic
[           resources] Started resource screenshot-basic
[    c-scripting-core] Creating script environments for scully_emotemenu
[script:scully_emotem] [scully_emotemenu] [INFO] Prop dump created.
[           resources] Started resource scully_emotemenu
[    c-scripting-core] Creating script environments for ultra-voltlab
[           resources] Started resource ultra-voltlab
[    c-scripting-core] Creating script environments for vehiclehandler
[           resources] Started resource vehiclehandler
[    c-scripting-core] Creating script environments for xt-prison
[           resources] Started resource xt-prison
[    c-scripting-core] Creating script environments for pma-voice
[           resources] Started resource pma-voice
[    c-scripting-core] Creating script environments for qbx_radio
[           resources] Started resource qbx_radio
[    c-scripting-core] Creating script environments for npwd_qbx_garages
[           resources] Started resource npwd_qbx_garages
[    c-scripting-core] Creating script environments for npwd_qbx_mail
[           resources] Started resource npwd_qbx_mail
[    c-scripting-core] Creating script environments for qbx_npwd
[           resources] Started resource qbx_npwd
[    c-scripting-core] Creating script environments for npwd
[           resources] Started resource npwd
[ citizen-server-main] Warning: The players.json endpoint has been modified to no longer return the player identifiers without authentication.
[ citizen-server-main] To learn more about this change read our announcement at https://forum.cfx.re/t/celebrating-one-year-with-rockstar-games/5269938#fivem-and-redm-6
[script:scully_emotem] [scully_emotemenu] [INFO] Current Version: 1.9.9f
[script:scully_emotem] [scully_emotemenu] [INFO] Latest Version: 1.9.9f
[script:scully_emotem] [scully_emotemenu] [INFO] You are running the latest version.
[ citizen-server-impl] server thread hitch warning: timer interval of 620 milliseconds
[      script:oxmysql] [10.4.27-MariaDB] Database server connection established!
[    script:xt-prison] [xt-prison] [INFO] Initializing Table: xt_prison
[    script:xt-prison] [xt-prison] [INFO] Initializing Table: xt_prison_items
[     script:qbx_core] [qbx_core] [INFO] Removed invalid groups from player_groups table
[ citizen-server-impl]         fff                          
[ citizen-server-impl]   cccc ff   xx  xx     rr rr    eee  
[ citizen-server-impl] cc     ffff   xx       rrr  r ee   e 
[ citizen-server-impl] cc     ff     xx   ... rr     eeeee  
[ citizen-server-impl]  ccccc ff   xx  xx ... rr      eeeee 
[ citizen-server-impl]                                      
[ citizen-server-impl] Authenticated with cfx.re Nucleus: https://hunterx75-r9zq7g.users.cfx.re/
[       script:ox_lib] An update is available for ox_fuel (current version: 1.4.0)
[       script:ox_lib] https://github.com/overextended/ox_fuel/releases/tag/v1.5.1
[     script:qbx_core] 
[     script:qbx_core] Welcome to Qbox!
[     script:qbx_core] To learn more, please check out the documentation at https://docs.qbox.re/.
[     script:qbx_core] To turn this message off, add set qbx:acknowledge true to your cfg files.
[     script:qbx_core] 
[ script:ox_inventory] [ox_inventory] [INFO] Inventory has loaded 389 items
[ citizen-server-impl] server thread hitch warning: timer interval of 174 milliseconds
[     script:qbx_core] [qbx_core] [INFO] HunterX (Citizen ID: F52HV909 ID: 1) has successfully loaded!
[ script:ox_inventory] [ox_inventory] [INFO] Saving 1 inventories to the database
[ script:ox_inventory] [ox_inventory] [INFO] Saved 1/1 players (109.1068 ms)
[ script:ox_inventory] [ox_inventory] [INFO] Saving 1 inventories to the database
[ script:ox_inventory] [ox_inventory] [INFO] Saved 1/1 players (42.9435 ms)
[      script:oxmysql] [10.4.27-MariaDB] illenium-appearance took 229.5296ms to execute a query!
[      script:oxmysql] DELETE FROM playerskins WHERE citizenid = ? AND model = ? ["F52HV909","mp_m_freemode_01"]
[ script:ox_inventory] [ox_inventory] [INFO] Saving 1 inventories to the database
[ script:ox_inventory] [ox_inventory] [INFO] Saved 1/1 players (179.3091 ms)
[ citizen-server-main] -> Quitting: SIGHUP received
[             TXADMIN] ================================================================ 
[             TXADMIN] ======== [36472] FXServer Starting - 12/29/2024, 8:13:36 AM      
[             TXADMIN] ================================================================ 
[           resources] Scanning resources.
[       resources:Dev] Warning: Dev does not have a resource manifest (fxmanifest.lua)
[           resources] Found 99 resources.
[           resources] 1 warning was encountered.
[          svadhesive] Authenticating server license key...
[          svadhesive] Server license key authentication succeeded. Welcome!
[    c-scripting-core] Creating script environments for sessionmanager
[           resources] Started resource sessionmanager
[    c-scripting-core] Creating script environments for monitor
[      script:monitor] [txAdmin] Resource v7.3.2 threads and commands set up. All Ready.
[           resources] Started resource monitor
[    c-scripting-core] Creating script environments for mapmanager
[           resources] Started resource mapmanager
[    c-scripting-core] Creating script environments for chat
[           resources] Started resource chat
[           resources] Started resource spawnmanager
[    c-scripting-core] Creating script environments for hardcap
[           resources] Started resource hardcap
[    c-scripting-core] Creating script environments for baseevents
[           resources] Started resource baseevents
[    c-scripting-core] Creating script environments for ox_lib
[           resources] Started resource ox_lib
[    c-scripting-core] Creating script environments for oxmysql
[           resources] Started resource oxmysql
[    c-scripting-core] Creating script environments for qbx_core
[     script:qbx_core] [qbx_core] [INFO] Stopping hardcap...
[           resources] Stopping resource hardcap
[           resources] Started resource qbx_core
[    c-scripting-core] Creating script environments for ox_target
[           resources] Started resource ox_target
[    c-scripting-core] Creating script environments for ox_doorlock
[           resources] Started resource ox_doorlock
[    c-scripting-core] Creating script environments for ox_inventory
[           resources] Started resource ox_inventory
[    c-scripting-core] Creating script environments for ox_fuel
[           resources] Started resource ox_fuel
[    c-scripting-core] Creating script environments for qbx_medical
[           resources] Started resource qbx_medical
[    c-scripting-core] Creating script environments for qbx_ambulancejob
[           resources] Started resource qbx_ambulancejob
[    c-scripting-core] Creating script environments for qbx_bankrobbery
[           resources] Started resource qbx_bankrobbery
[    c-scripting-core] Creating script environments for qbx_binoculars
[           resources] Started resource qbx_binoculars
[    c-scripting-core] Creating script environments for qbx_busjob
[           resources] Started resource qbx_busjob
[    c-scripting-core] Creating script environments for qbx_carwash
[           resources] Started resource qbx_carwash
[    c-scripting-core] Creating script environments for qbx_cityhall
[           resources] Started resource qbx_cityhall
[    c-scripting-core] Creating script environments for qbx_customs
[           resources] Started resource qbx_customs
[           resources] Started resource qbx_density
[    c-scripting-core] Creating script environments for qbx_divegear
[           resources] Started resource qbx_divegear
[    c-scripting-core] Creating script environments for qbx_diving
[           resources] Started resource qbx_diving
[    c-scripting-core] Creating script environments for qbx_drugs
[           resources] Started resource qbx_drugs
[    c-scripting-core] Creating script environments for qbx_fireworks
[           resources] Started resource qbx_fireworks
[    c-scripting-core] Creating script environments for qbx_garages
[           resources] Started resource qbx_garages
[    c-scripting-core] Creating script environments for qbx_garbagejob
[           resources] Started resource qbx_garbagejob
[    c-scripting-core] Creating script environments for qbx_houserobbery
[           resources] Started resource qbx_houserobbery
[    c-scripting-core] Creating script environments for qbx_hud
[           resources] Started resource qbx_hud
[           resources] Started resource MugShotBase64
[    c-scripting-core] Creating script environments for qbx_idcard
[           resources] Started resource qbx_idcard
[    c-scripting-core] Creating script environments for qbx_jewelery
[           resources] Started resource qbx_jewelery
[    c-scripting-core] Creating script environments for qbx_lapraces
[           resources] Started resource qbx_lapraces
[    c-scripting-core] Creating script environments for qbx_management
[           resources] Started resource qbx_management
[    c-scripting-core] Creating script environments for qbx_mechanicjob
[           resources] Started resource qbx_mechanicjob
[    c-scripting-core] Creating script environments for qbx_newsjob
[           resources] Started resource qbx_newsjob
[    c-scripting-core] Creating script environments for qbx_pawnshop
[           resources] Started resource qbx_pawnshop
[    c-scripting-core] Creating script environments for qbx_police
[           resources] Started resource qbx_police
[    c-scripting-core] Creating script environments for qbx_properties
[           resources] Started resource qbx_properties
[    c-scripting-core] Creating script environments for qbx_radialmenu
[           resources] Started resource qbx_radialmenu
[    c-scripting-core] Creating script environments for qbx_recyclejob
[           resources] Started resource qbx_recyclejob
[    c-scripting-core] Creating script environments for qbx_scoreboard
[           resources] Started resource qbx_scoreboard
[    c-scripting-core] Creating script environments for qbx_scrapyard
[           resources] Started resource qbx_scrapyard
[    c-scripting-core] Creating script environments for qbx_seatbelt
[           resources] Started resource qbx_seatbelt
[    c-scripting-core] Creating script environments for qbx_smallresources
[           resources] Started resource qbx_smallresources
[    c-scripting-core] Creating script environments for qbx_spawn
[           resources] Started resource qbx_spawn
[    c-scripting-core] Creating script environments for qbx_storerobbery
[           resources] Started resource qbx_storerobbery
[    c-scripting-core] Creating script environments for qbx_streetraces
[           resources] Started resource qbx_streetraces
[    c-scripting-core] Creating script environments for qbx_taxijob
[           resources] Started resource qbx_taxijob
[    c-scripting-core] Creating script environments for qbx_towjob
[           resources] Started resource qbx_towjob
[    c-scripting-core] Creating script environments for qbx_truckerjob
[           resources] Started resource qbx_truckerjob
[    c-scripting-core] Creating script environments for qbx_truckrobbery
[           resources] Started resource qbx_truckrobbery
[    c-scripting-core] Creating script environments for qbx_vehiclekeys
[           resources] Started resource qbx_vehiclekeys
[    c-scripting-core] Creating script environments for qbx_vehicles
[           resources] Started resource qbx_vehicles
[    c-scripting-core] Creating script environments for qbx_vehiclesales
[           resources] Started resource qbx_vehiclesales
[    c-scripting-core] Creating script environments for qbx_vehicleshop
[           resources] Started resource qbx_vehicleshop
[    c-scripting-core] Creating script environments for qbx_vineyard
[           resources] Started resource qbx_vineyard
[    c-scripting-core] Creating script environments for qbx_weed
[           resources] Started resource qbx_weed
[    c-scripting-core] Creating script environments for Renewed-Banking
[           resources] Started resource Renewed-Banking
[    c-scripting-core] Creating script environments for Renewed-Weathersync
[           resources] Started resource Renewed-Weathersync
[           resources] Started resource bob74_ipl
[    c-scripting-core] Creating script environments for illenium-appearance
[           resources] Started resource illenium-appearance
[    c-scripting-core] Creating script environments for loadscreen
[           resources] Started resource loadscreen
[    c-scripting-core] Creating script environments for mana_audio
[           resources] Started resource mana_audio
[           resources] Started resource mhacking
[    c-scripting-core] Creating script environments for ps-adminmenu
[           resources] Started resource ps-adminmenu
[           resources] Started resource safecracker
[    c-scripting-core] Creating script environments for screenshot-basic
[           resources] Started resource screenshot-basic
[    c-scripting-core] Creating script environments for scully_emotemenu
[script:scully_emotem] [scully_emotemenu] [INFO] Prop dump created.
[           resources] Started resource scully_emotemenu
[    c-scripting-core] Creating script environments for ultra-voltlab
[           resources] Started resource ultra-voltlab
[    c-scripting-core] Creating script environments for vehiclehandler
[           resources] Started resource vehiclehandler
[    c-scripting-core] Creating script environments for xt-prison
[           resources] Started resource xt-prison
[    c-scripting-core] Creating script environments for pma-voice
[           resources] Started resource pma-voice
[    c-scripting-core] Creating script environments for qbx_radio
[           resources] Started resource qbx_radio
[    c-scripting-core] Creating script environments for npwd_qbx_garages
[           resources] Started resource npwd_qbx_garages
[    c-scripting-core] Creating script environments for npwd_qbx_mail
[           resources] Started resource npwd_qbx_mail
[    c-scripting-core] Creating script environments for qbx_npwd
[           resources] Started resource qbx_npwd
[    c-scripting-core] Creating script environments for npwd
[           resources] Started resource npwd
[ citizen-server-main] Warning: The players.json endpoint has been modified to no longer return the player identifiers without authentication.
[ citizen-server-main] To learn more about this change read our announcement at https://forum.cfx.re/t/celebrating-one-year-with-rockstar-games/5269938#fivem-and-redm-6
[script:scully_emotem] [scully_emotemenu] [INFO] Current Version: 1.9.9f
[script:scully_emotem] [scully_emotemenu] [INFO] Latest Version: 1.9.9f
[script:scully_emotem] [scully_emotemenu] [INFO] You are running the latest version.
[ citizen-server-impl] server thread hitch warning: timer interval of 617 milliseconds
[      script:oxmysql] [10.4.27-MariaDB] Database server connection established!
[    script:xt-prison] [xt-prison] [INFO] Initializing Table: xt_prison
[    script:xt-prison] [xt-prison] [INFO] Initializing Table: xt_prison_items
[     script:qbx_core] [qbx_core] [INFO] Removed invalid groups from player_groups table
[       script:ox_lib] An update is available for ox_fuel (current version: 1.4.0)
[       script:ox_lib] https://github.com/overextended/ox_fuel/releases/tag/v1.5.1
[ citizen-server-impl]         fff                          
[ citizen-server-impl]   cccc ff   xx  xx     rr rr    eee  
[ citizen-server-impl] cc     ffff   xx       rrr  r ee   e 
[ citizen-server-impl] cc     ff     xx   ... rr     eeeee  
[ citizen-server-impl]  ccccc ff   xx  xx ... rr      eeeee 
[ citizen-server-impl]                                      
[ citizen-server-impl] Authenticated with cfx.re Nucleus: https://hunterx75-r9zq7g.users.cfx.re/
[     script:qbx_core] 
[     script:qbx_core] Welcome to Qbox!
[     script:qbx_core] To learn more, please check out the documentation at https://docs.qbox.re/.
[     script:qbx_core] To turn this message off, add set qbx:acknowledge true to your cfg files.
[     script:qbx_core] 
[ script:ox_inventory] [ox_inventory] [INFO] Inventory has loaded 389 items
[ citizen-server-impl] server thread hitch warning: timer interval of 177 milliseconds
[     script:qbx_core] [qbx_core] [INFO] HunterX (Citizen ID: F52HV909 ID: 1) has successfully loaded!
[ script:ox_inventory] [ox_inventory] [INFO] Saving 1 inventories to the database
[ script:ox_inventory] [ox_inventory] [INFO] Saved 1/1 players (98.8236 ms)
[script:ox_inventory:] Warning: unable to generate
[script:ox_inventory:] aluminumitem does not exist[ox_inventory] [INFO] Saving 1 inventories to the database
[ script:ox_inventory] [ox_inventory] [INFO] Saved 1/1 players (168.4247 ms)
[ citizen-server-main] -> Quitting: SIGHUP received
