================================================================
======== txAdmin v7.3.2 atop fxserver 12168 Starting - 12/28/2024, 9:03:56 AM
================================================================
[9:10:11 AM] txAdmin: Logger started
[9:10:59 AM] txAdmin: Logger started
================================================================
======== txAdmin v7.3.2 atop fxserver 12168 Starting - 12/28/2024, 8:52:13 PM
================================================================
[8:52:49 PM] txAdmin: Logger started
[8:53:28 PM] [TJdEz#1] HunterX: joined with identifiers [license:c2774b7b149d7f0bfcf8e2efbe5e3c091b7d5d4e; xbl:2535450070188238; live:1055518678815702; discord:530634771735379979; fivem:8501288; license2:c2774b7b149d7f0bfcf8e2efbe5e3c091b7d5d4e]
[9:02:47 PM] [TJdEz#1] HunterX: enabled noclip
[9:03:13 PM] [TJdEz#1] HunterX: became mortal (standard mode)
[9:04:41 PM] [TJdEz#1] HunterX: teleported to a waypoint
[9:07:38 PM] [TJdEz#1] HunterX: enabled noclip
[9:07:56 PM] [TJdEz#1] HunterX: became mortal (standard mode)
[9:13:45 PM] [TJdEz#1] HunterX: disconnected (Exiting)
================================================================
======== txAdmin v7.3.2 atop fxserver 12168 Starting - 12/28/2024, 10:27:47 PM
================================================================
[10:27:52 PM] txAdmin: Logger started
[10:28:50 PM] [4AcBn#1] HunterX: joined with identifiers [license:c2774b7b149d7f0bfcf8e2efbe5e3c091b7d5d4e; xbl:2535450070188238; live:1055518678815702; discord:530634771735379979; fivem:8501288; license2:c2774b7b149d7f0bfcf8e2efbe5e3c091b7d5d4e]
[10:30:48 PM] [4AcBn#1] HunterX: disconnected (Exiting)
